[debug] [2025-07-05T19:40:15.228Z] ----------------------------------------------------------------------
[debug] [2025-07-05T19:40:15.234Z] Command:       C:\Program Files\nodejs\node.exe C:\Users\verma\AppData\Roaming\npm\node_modules\firebase-tools\lib\bin\firebase.js deploy
[debug] [2025-07-05T19:40:15.234Z] CLI Version:   14.9.0
[debug] [2025-07-05T19:40:15.235Z] Platform:      win32
[debug] [2025-07-05T19:40:15.235Z] Node Version:  v22.13.1
[debug] [2025-07-05T19:40:15.235Z] Time:          Sun Jul 06 2025 01:10:15 GMT+0530 (India Standard Time)
[debug] [2025-07-05T19:40:15.236Z] ----------------------------------------------------------------------
[debug] 
[debug] [2025-07-05T19:40:15.574Z] > command requires scopes: ["email","openid","https://www.googleapis.com/auth/cloudplatformprojects.readonly","https://www.googleapis.com/auth/firebase","https://www.googleapis.com/auth/cloud-platform"]
[debug] [2025-07-05T19:40:15.575Z] > authorizing via signed-in user (nv581339@gmail.com)
[debug] [2025-07-05T19:40:15.575Z] [iam] checking project tagsocial-66835 for permissions ["firebase.projects.get","firebasehosting.sites.update"]
[debug] [2025-07-05T19:40:15.577Z] Checked if tokens are valid: true, expires at: 1751748003261
[debug] [2025-07-05T19:40:15.577Z] Checked if tokens are valid: true, expires at: 1751748003261
[debug] [2025-07-05T19:40:15.579Z] >>> [apiv2][query] POST https://cloudresourcemanager.googleapis.com/v1/projects/tagsocial-66835:testIamPermissions [none]
[debug] [2025-07-05T19:40:15.579Z] >>> [apiv2][(partial)header] POST https://cloudresourcemanager.googleapis.com/v1/projects/tagsocial-66835:testIamPermissions x-goog-quota-user=projects/tagsocial-66835
[debug] [2025-07-05T19:40:15.579Z] >>> [apiv2][body] POST https://cloudresourcemanager.googleapis.com/v1/projects/tagsocial-66835:testIamPermissions {"permissions":["firebase.projects.get","firebasehosting.sites.update"]}
[debug] [2025-07-05T19:40:17.174Z] <<< [apiv2][status] POST https://cloudresourcemanager.googleapis.com/v1/projects/tagsocial-66835:testIamPermissions 200
[debug] [2025-07-05T19:40:17.174Z] <<< [apiv2][body] POST https://cloudresourcemanager.googleapis.com/v1/projects/tagsocial-66835:testIamPermissions {}
[debug] [2025-07-05T19:40:17.175Z] [iam] error while checking permissions, command may fail: Authorization failed. This account is missing the following required permissions on project tagsocial-66835:

  firebase.projects.get
  firebasehosting.sites.update
[debug] [2025-07-05T19:40:17.175Z] Checked if tokens are valid: true, expires at: 1751748003261
[debug] [2025-07-05T19:40:17.176Z] Checked if tokens are valid: true, expires at: 1751748003261
[debug] [2025-07-05T19:40:17.176Z] >>> [apiv2][query] GET https://firebase.googleapis.com/v1beta1/projects/tagsocial-66835 [none]
[debug] [2025-07-05T19:40:17.578Z] <<< [apiv2][status] GET https://firebase.googleapis.com/v1beta1/projects/tagsocial-66835 403
[debug] [2025-07-05T19:40:17.578Z] <<< [apiv2][body] GET https://firebase.googleapis.com/v1beta1/projects/tagsocial-66835 {"error":{"code":403,"message":"The caller does not have permission","status":"PERMISSION_DENIED"}}
[debug] [2025-07-05T19:40:17.579Z] Request to https://firebase.googleapis.com/v1beta1/projects/tagsocial-66835 had HTTP Error: 403, The caller does not have permission
[debug] [2025-07-05T19:40:17.684Z] FirebaseError: Request to https://firebase.googleapis.com/v1beta1/projects/tagsocial-66835 had HTTP Error: 403, The caller does not have permission
    at responseToError (C:\Users\verma\AppData\Roaming\npm\node_modules\firebase-tools\lib\responseToError.js:52:12)
    at RetryOperation._fn (C:\Users\verma\AppData\Roaming\npm\node_modules\firebase-tools\lib\apiv2.js:312:77)
    at process.processTicksAndRejections (node:internal/process/task_queues:105:5)
[error] 
[error] Error: Failed to get Firebase project tagsocial-66835. Please make sure the project exists and your account has permission to access it.
